12-17,11:26 ― INFO ― 加载 1类 diluc 1命 罪罚裁断，视为全程伤害加成 7.5, 
12-17,11:26 ― INFO ― 加载 2类 diluc 2命 炙热余烬，迪卢克受到伤害时，攻击力提高10％，攻击速度提高5％，持续10秒。该效果至多叠加3层。每1.5秒只能触发一次 
12-17,11:26 ― INFO ― 加载 2类 diluc 4命 释放逆焰之刃的2秒后，下一段逆焰之刃的伤害提高40％，持续2秒 
12-17,11:26 ― INFO ― 加载 2类 diluc 6命 释放逆焰之刃会使接下来6秒内的2次普通攻击的攻击速度提升30％，造成伤害提高30％。此外，逆焰之刃不再会中断前两段普通攻击的连击段数。 
12-17,11:26 ― INFO ― 加载 2类 diluc 元素爆发 12秒附魔 20火伤增伤 
12-17,11:26 ― INFO ― diluc e计数: 1,start: 0.00 ,元素属性 0, s= 0,输出方式 1 D= 347.89 倍率 160.00 消耗时间 0.66 冷却到期:10.58
12-17,11:26 ― INFO ― diluc a计数: 1,start: 0.66 ,元素属性 0, s= 0,输出方式 1 D= 347.89 倍率 130.00 消耗时间 0.41 冷却到期:0.66 攻速: 35
12-17,11:26 ― INFO ― diluc a计数: 2,start: 1.07 ,元素属性 0, s= 0,输出方式 1 D= 347.89 倍率 127.00 消耗时间 0.81 冷却到期:0.66 攻速: 35
12-17,11:26 ― INFO ― diluc e计数: 2,start: 1.88 ,元素属性 0, s= 0,输出方式 1 D= 347.89 倍率 166.00 消耗时间 0.75 冷却到期:10.58
12-17,11:26 ― INFO ― diluc a计数: 3,start: 2.63 ,元素属性 0, s= 0,输出方式 1 D= 347.89 倍率 144.00 消耗时间 0.56 冷却到期:0.66 攻速: 40
12-17,11:26 ― INFO ― diluc a计数: 4,start: 3.19 ,元素属性 0, s= 0,输出方式 1 D= 347.89 倍率 195.00 消耗时间 0.82 冷却到期:0.66 攻速: 40
12-17,11:26 ― INFO ― diluc e计数: 3,start: 4.01 ,元素属性 0, s= 0,输出方式 1 D= 347.89 倍率 219.00 消耗时间 1.18 冷却到期:10.58
12-17,11:26 ― INFO ― diluc a计数: 1,start: 5.19 ,元素属性 0, s= 0,输出方式 1 D= 347.89 倍率 130.00 消耗时间 0.38 冷却到期:5.19 攻速: 45
12-17,11:26 ― INFO ― diluc a计数: 2,start: 5.57 ,元素属性 0, s= 0,输出方式 1 D= 347.89 倍率 127.00 消耗时间 0.76 冷却到期:5.19 攻速: 45
12-17,11:26 ― INFO ― diluc q计数: 1,start: 6.33 ,元素属性 0, s= 0,输出方式 1 D= 347.89 倍率 1102.00 消耗时间 3.00 冷却到期:18.91
12-17,11:26 ― INFO ― q 重置 a 计数
12-17,11:26 ― INFO ― e is not ready, 平a补空.
12-17,11:26 ― INFO ― diluc a计数: 1,start: 9.33 ,元素属性 1, s= 0,输出方式 1 D= 347.89 倍率 130.00 消耗时间 0.48 冷却到期:9.33 攻速: 15
12-17,11:26 ― INFO ― e is not ready, 平a补空.
12-17,11:26 ― INFO ― diluc a计数: 2,start: 9.81 ,元素属性 1, s= 0,输出方式 1 D= 347.89 倍率 127.00 消耗时间 0.96 冷却到期:9.33 攻速: 15
12-17,11:26 ― INFO ― diluc e计数: 1,start: 10.77 ,元素属性 0, s= 0,输出方式 1 D= 347.89 倍率 160.00 消耗时间 0.66 冷却到期:21.35
12-17,11:26 ― INFO ― diluc a计数: 3,start: 11.43 ,元素属性 1, s= 0,输出方式 1 D= 347.89 倍率 144.00 消耗时间 0.54 冷却到期:9.33 攻速: 45
12-17,11:26 ― INFO ― diluc a计数: 4,start: 11.97 ,元素属性 1, s= 0,输出方式 1 D= 347.89 倍率 195.00 消耗时间 0.79 冷却到期:9.33 攻速: 45
12-17,11:26 ― INFO ― diluc e计数: 2,start: 12.76 ,元素属性 0, s= 0,输出方式 1 D= 347.89 倍率 166.00 消耗时间 0.75 冷却到期:21.35
12-17,11:26 ― INFO ― diluc a计数: 1,start: 13.51 ,元素属性 1, s= 0,输出方式 1 D= 347.89 倍率 130.00 消耗时间 0.38 冷却到期:13.51 攻速: 45
12-17,11:26 ― INFO ― diluc a计数: 2,start: 13.89 ,元素属性 1, s= 0,输出方式 1 D= 347.89 倍率 127.00 消耗时间 0.76 冷却到期:13.51 攻速: 45
12-17,11:26 ― INFO ― diluc e计数: 3,start: 14.65 ,元素属性 0, s= 0,输出方式 1 D= 347.89 倍率 219.00 消耗时间 1.18 冷却到期:21.35
12-17,11:26 ― INFO ― diluc a计数: 3,start: 15.83 ,元素属性 1, s= 0,输出方式 1 D= 347.89 倍率 144.00 消耗时间 0.54 冷却到期:13.51 攻速: 45
12-17,11:26 ― INFO ― diluc a计数: 4,start: 16.37 ,元素属性 1, s= 0,输出方式 1 D= 347.89 倍率 195.00 消耗时间 0.79 冷却到期:13.51 攻速: 45
12-17,11:26 ― INFO ― q is not ready, 平a补空.
12-17,11:26 ― INFO ― diluc a计数: 1,start: 17.16 ,元素属性 1, s= 0,输出方式 1 D= 347.89 倍率 130.00 消耗时间 0.48 冷却到期:17.16 攻速: 15
12-17,11:26 ― INFO ― q is not ready, 平a补空.
12-17,11:26 ― INFO ― diluc a计数: 2,start: 17.64 ,元素属性 1, s= 0,输出方式 1 D= 347.89 倍率 127.00 消耗时间 0.96 冷却到期:17.16 攻速: 15
12-17,11:26 ― INFO ― q is not ready, 平a补空.
12-17,11:26 ― INFO ― diluc a计数: 3,start: 18.60 ,元素属性 1, s= 0,输出方式 1 D= 347.89 倍率 144.00 消耗时间 0.68 冷却到期:17.16 攻速: 15
12-17,11:26 ― INFO ― diluc q计数: 1,start: 19.28 ,元素属性 0, s= 0,输出方式 1 D= 347.89 倍率 1102.00 消耗时间 3.00 冷却到期:31.86
12-17,11:26 ― INFO ― q 重置 a 计数
